<?xml version="1.0" encoding="UTF-8"?>
<!-- Generated by org.testng.reporters.JUnitReportReporter -->
<testsuite hostname="DESKTOP-PVHPUG3" failures="0" tests="1" name="com.herokuapp.theinternet.NegativeTests" time="11.507" errors="0" timestamp="2020-07-14T08:00:53 IST" skipped="0">
  <testcase classname="com.herokuapp.theinternet.NegativeTests" name="NegativeUserNameTest" time="11.507"/>
  <system-out/>
</testsuite> <!-- com.herokuapp.theinternet.NegativeTests -->
