<?xml version="1.0" encoding="UTF-8"?>
<!-- Generated by org.testng.reporters.JUnitReportReporter -->
<testsuite hostname="DESKTOP-PVHPUG3" failures="0" tests="1" name="com.herokuapp.theinternet.PositiveTests" time="14.574" errors="0" timestamp="2020-07-14T07:40:34 IST" skipped="0">
  <testcase classname="com.herokuapp.theinternet.PositiveTests" name="loginTest" time="14.574"/>
  <system-out/>
</testsuite> <!-- com.herokuapp.theinternet.PositiveTests -->
