<?xml version="1.0" encoding="UTF-8"?>
<!-- Generated by org.testng.reporters.JUnitReportReporter -->
<testsuite hostname="DESKTOP-PVHPUG3" failures="0" tests="1" name="com.herokuapp.theinternet.NegativeTests" time="11.123" errors="0" timestamp="2020-07-14T07:44:00 IST" skipped="0">
  <testcase classname="com.herokuapp.theinternet.NegativeTests" name="NegativeUserNameTest" time="11.123"/>
  <system-out/>
</testsuite> <!-- com.herokuapp.theinternet.NegativeTests -->
